Python: /resnick/groups/RelativityTheory/alaeuger/miniconda3/envs/BilbyEnv/bin/python
Python 3.11.15

##################################################################
# GW200224_222234   [Mc_det~41, D~1.7 Gpc, SNR~20 -- loudest clean O3b]
##################################################################
[gps] GW200224_222234: 1266618172.4 (gwosc)
[L6] H1: PSD OK (128 s, min=6.15e-48)
[L6] L1: PSD OK (128 s, min=4.20e-48)
[L6] V1: PSD OK (128 s, min=3.57e-47)
[net] GW200224_222234: using ['H1', 'L1', 'V1']
[L4] GW200224_222234_gr_v1: priors (READ THIS)
     a_1: Uniform(minimum=0, maximum=0.8, name='a_1', latex_label='$a_1$', unit=None, boundary=None)
     a_2: Uniform(minimum=0, maximum=0.8, name='a_2', latex_label='$a_2$', unit=None, boundary=None)
     chirp_mass: Uniform(minimum=24, maximum=62, name='chirp_mass', latex_label='$\\mathcal{M}$', unit=None, boundary=None)
     dec: Cosine(minimum=-1.5707963267948966, maximum=1.5707963267948966, name='dec', latex_label='$\\mathrm{DEC}$', unit=None, boundary=None)
     geocent_time: Uniform(minimum=1266618172.3000002, maximum=1266618172.5, name='geocent_time', latex_label='$t_c$', unit=None, boundary=None)
     luminosity_distance: bilby.gw.prior.UniformSourceFrame(minimum=400.0, maximum=5000.0, cosmology='Planck15', name='luminosity_distance', latex_label='$d_L$', unit='Mpc', boundary=None)
     mass_1: Constraint(minimum=15, maximum=120, name=None, latex_label=None, unit=None)
     mass_2: Constraint(minimum=15, maximum=120, name=None, latex_label=None, unit=None)
     mass_ratio: Uniform(minimum=0.3, maximum=1.0, name='mass_ratio', latex_label='$q$', unit=None, boundary=None)
     phase: Uniform(minimum=0, maximum=6.283185307179586, name='phase', latex_label='$\\phi$', unit=None, boundary='periodic')
     phi_12: Uniform(minimum=0, maximum=6.283185307179586, name='phi_12', latex_label='$\\Delta\\phi$', unit=None, boundary='periodic')
     phi_jl: Uniform(minimum=0, maximum=6.283185307179586, name='phi_jl', latex_label='$\\phi_{JL}$', unit=None, boundary='periodic')
     psi: Uniform(minimum=0, maximum=3.141592653589793, name='psi', latex_label='$\\psi$', unit=None, boundary='periodic')
     ra: Uniform(minimum=0, maximum=6.283185307179586, name='ra', latex_label='$\\mathrm{RA}$', unit=None, boundary='periodic')
     theta_jn: Sine(minimum=0, maximum=3.141592653589793, name='theta_jn', latex_label='$\\theta_{JN}$', unit=None, boundary=None)
     tilt_1: Sine(minimum=0, maximum=3.141592653589793, name='tilt_1', latex_label='$\\theta_1$', unit=None, boundary=None)
     tilt_2: Sine(minimum=0, maximum=3.141592653589793, name='tilt_2', latex_label='$\\theta_2$', unit=None, boundary=None)
