14:04 bilby INFO    : No prior given, using default BBH priors in /resnick/groups/RelativityTheory/alaeuger/miniconda3/envs/BilbyEnv/lib/python3.11/site-packages/bilby/gw/prior_files/precessing_spins_bbh.prior.
14:04 bilby INFO    : Waveform generator instantiated: WaveformGenerator(duration=16.0, sampling_frequency=2048.0, start_time=0, frequency_domain_source_model=bilby.gw.source.lal_binary_black_hole, time_domain_source_model=None, parameter_conversion=bilby.gw.conversion.convert_to_lal_binary_black_hole_parameters, waveform_arguments={'waveform_approximant': 'IMRPhenomXPHM', 'reference_frequency': 20.0, 'minimum_frequency': 20.0})
14:04 bilby INFO    : Running for label 'GW190512_180714_gr_v1', output will be saved to 'runs/GW190512_180714_gr_v1'
14:04 bilby INFO    : Using lal version 7.7.0
14:04 bilby INFO    : Using lal git version Branch: None;Tag: lal-v7.7.0;Id: ef36dfdf49181b9b376a867b55a14463783de545;;Builder: Adam Mercer <adam.mercer@ligo.org>;Repository status: CLEAN: All modifications committed
14:04 bilby INFO    : Using lalsimulation version 6.2.0
14:04 bilby INFO    : Using lalsimulation git version Branch: None;Tag: lalsimulation-v6.2.0;Id: 1338470a6165fb4b4c98bccdd0efe961f05bc8e0;;Builder: Adam Mercer <adam.mercer@ligo.org>;Repository status: CLEAN: All modifications committed
14:04 bilby INFO    : Analysis priors:
14:04 bilby INFO    : mass_ratio=Uniform(minimum=0.2, maximum=1.0, name='mass_ratio', latex_label='$q$', unit=None, boundary=None)
14:04 bilby INFO    : chirp_mass=Uniform(minimum=11, maximum=28, name='chirp_mass', latex_label='$\\mathcal{M}$', unit=None, boundary=None)
14:04 bilby INFO    : luminosity_distance=bilby.gw.prior.UniformSourceFrame(minimum=300.0, maximum=4000.0, cosmology='Planck15', name='luminosity_distance', latex_label='$d_L$', unit='Mpc', boundary=None)
14:04 bilby INFO    : dec=Cosine(minimum=-1.5707963267948966, maximum=1.5707963267948966, name='dec', latex_label='$\\mathrm{DEC}$', unit=None, boundary=None)
14:04 bilby INFO    : ra=Uniform(minimum=0, maximum=6.283185307179586, name='ra', latex_label='$\\mathrm{RA}$', unit=None, boundary='periodic')
14:04 bilby INFO    : theta_jn=Sine(minimum=0, maximum=3.141592653589793, name='theta_jn', latex_label='$\\theta_{JN}$', unit=None, boundary=None)
14:04 bilby INFO    : psi=Uniform(minimum=0, maximum=3.141592653589793, name='psi', latex_label='$\\psi$', unit=None, boundary='periodic')
14:04 bilby INFO    : phase=Uniform(minimum=0, maximum=6.283185307179586, name='phase', latex_label='$\\phi$', unit=None, boundary='periodic')
14:04 bilby INFO    : a_1=Uniform(minimum=0, maximum=0.8, name='a_1', latex_label='$a_1$', unit=None, boundary=None)
14:04 bilby INFO    : a_2=Uniform(minimum=0, maximum=0.8, name='a_2', latex_label='$a_2$', unit=None, boundary=None)
14:04 bilby INFO    : tilt_1=Sine(minimum=0, maximum=3.141592653589793, name='tilt_1', latex_label='$\\theta_1$', unit=None, boundary=None)
14:04 bilby INFO    : tilt_2=Sine(minimum=0, maximum=3.141592653589793, name='tilt_2', latex_label='$\\theta_2$', unit=None, boundary=None)
14:04 bilby INFO    : phi_12=Uniform(minimum=0, maximum=6.283185307179586, name='phi_12', latex_label='$\\Delta\\phi$', unit=None, boundary='periodic')
14:04 bilby INFO    : phi_jl=Uniform(minimum=0, maximum=6.283185307179586, name='phi_jl', latex_label='$\\phi_{JL}$', unit=None, boundary='periodic')
14:04 bilby INFO    : geocent_time=Uniform(minimum=1241719652.3000002, maximum=1241719652.5, name='geocent_time', latex_label='$t_c$', unit=None, boundary=None)
14:04 bilby INFO    : mass_1=Constraint(minimum=5, maximum=60, name=None, latex_label=None, unit=None)
14:04 bilby INFO    : mass_2=Constraint(minimum=5, maximum=60, name=None, latex_label=None, unit=None)
14:04 bilby INFO    : Analysis likelihood class: <class 'bilby.gw.likelihood.base.GravitationalWaveTransient'>
14:04 bilby INFO    : Analysis likelihood noise evidence: -53384.70220905602
14:04 bilby INFO    : Single likelihood evaluation took 2.458e-02 s
14:04 bilby INFO    : Using sampler Dynesty with kwargs {'nlive': 1500, 'bound': 'multi', 'sample': 'rwalk', 'periodic': None, 'reflective': None, 'update_interval': 600, 'first_update': None, 'rstate': None, 'queue_size': 16, 'pool': None, 'use_pool': None, 'live_points': None, 'logl_args': None, 'logl_kwargs': None, 'ptform_args': None, 'ptform_kwargs': None, 'enlarge': None, 'bootstrap': None, 'walks': 50, 'facc': 0.2, 'slices': None, 'ncdim': None, 'blob': False, 'save_evaluation_history': False, 'history_filename': None, 'maxiter': None, 'maxcall': None, 'dlogz': 0.1, 'logl_max': inf, 'add_live': True, 'print_progress': True, 'print_func': <bound method Dynesty._print_func of <bilby.core.sampler.dynesty.Dynesty object at 0x7f6e3f8cc590>>, 'save_bounds': False, 'checkpoint_file': None, 'checkpoint_every': 60, 'resume': False, 'seed': None}
14:04 bilby INFO    : Global meta data was removed from the result object for compatibility. Use the `BILBY_INCLUDE_GLOBAL_METADATA` environment variable to include it. This behaviour will be removed in a future release. For more details see: https://bilby-dev.github.io/bilby/faq.html#global-meta-data
14:04 bilby INFO    : Checkpoint every check_point_delta_t = 600s
14:04 bilby INFO    : Using dynesty version 3.0.0
14:04 bilby INFO    : Setting up multiproccesing pool with 16 processes
14:04 bilby INFO    : Resume file runs/GW190512_180714_gr_v1/GW190512_180714_gr_v1_resume.pickle does not exist.
14:04 bilby INFO    : Generating initial points from the prior
14:05 bilby INFO    : Using the bilby-implemented ensemble rwalk sampling method with ACT estimated chain length. An average of 4 steps will be accepted up to chain length 5000.
14:15 bilby INFO    : Written checkpoint file runs/GW190512_180714_gr_v1/GW190512_180714_gr_v1_resume.pickle
14:25 bilby INFO    : Written checkpoint file runs/GW190512_180714_gr_v1/GW190512_180714_gr_v1_resume.pickle
14:35 bilby INFO    : Written checkpoint file runs/GW190512_180714_gr_v1/GW190512_180714_gr_v1_resume.pickle
14:45 bilby INFO    : Written checkpoint file runs/GW190512_180714_gr_v1/GW190512_180714_gr_v1_resume.pickle
14:55 bilby INFO    : Written checkpoint file runs/GW190512_180714_gr_v1/GW190512_180714_gr_v1_resume.pickle
15:05 bilby INFO    : Written checkpoint file runs/GW190512_180714_gr_v1/GW190512_180714_gr_v1_resume.pickle
15:16 bilby INFO    : Written checkpoint file runs/GW190512_180714_gr_v1/GW190512_180714_gr_v1_resume.pickle
15:26 bilby INFO    : Written checkpoint file runs/GW190512_180714_gr_v1/GW190512_180714_gr_v1_resume.pickle
15:36 bilby INFO    : Written checkpoint file runs/GW190512_180714_gr_v1/GW190512_180714_gr_v1_resume.pickle
15:46 bilby INFO    : Written checkpoint file runs/GW190512_180714_gr_v1/GW190512_180714_gr_v1_resume.pickle
15:56 bilby INFO    : Written checkpoint file runs/GW190512_180714_gr_v1/GW190512_180714_gr_v1_resume.pickle
16:07 bilby INFO    : Written checkpoint file runs/GW190512_180714_gr_v1/GW190512_180714_gr_v1_resume.pickle
16:17 bilby INFO    : Written checkpoint file runs/GW190512_180714_gr_v1/GW190512_180714_gr_v1_resume.pickle
16:27 bilby INFO    : Written checkpoint file runs/GW190512_180714_gr_v1/GW190512_180714_gr_v1_resume.pickle
16:37 bilby INFO    : Written checkpoint file runs/GW190512_180714_gr_v1/GW190512_180714_gr_v1_resume.pickle
16:48 bilby INFO    : Written checkpoint file runs/GW190512_180714_gr_v1/GW190512_180714_gr_v1_resume.pickle
16:58 bilby INFO    : Written checkpoint file runs/GW190512_180714_gr_v1/GW190512_180714_gr_v1_resume.pickle
17:08 bilby INFO    : Written checkpoint file runs/GW190512_180714_gr_v1/GW190512_180714_gr_v1_resume.pickle
17:18 bilby INFO    : Written checkpoint file runs/GW190512_180714_gr_v1/GW190512_180714_gr_v1_resume.pickle
17:29 bilby INFO    : Written checkpoint file runs/GW190512_180714_gr_v1/GW190512_180714_gr_v1_resume.pickle
17:39 bilby INFO    : Written checkpoint file runs/GW190512_180714_gr_v1/GW190512_180714_gr_v1_resume.pickle
17:49 bilby INFO    : Written checkpoint file runs/GW190512_180714_gr_v1/GW190512_180714_gr_v1_resume.pickle
18:00 bilby INFO    : Written checkpoint file runs/GW190512_180714_gr_v1/GW190512_180714_gr_v1_resume.pickle
18:10 bilby INFO    : Written checkpoint file runs/GW190512_180714_gr_v1/GW190512_180714_gr_v1_resume.pickle
18:21 bilby INFO    : Written checkpoint file runs/GW190512_180714_gr_v1/GW190512_180714_gr_v1_resume.pickle
18:31 bilby INFO    : Written checkpoint file runs/GW190512_180714_gr_v1/GW190512_180714_gr_v1_resume.pickle
18:41 bilby INFO    : Written checkpoint file runs/GW190512_180714_gr_v1/GW190512_180714_gr_v1_resume.pickle
18:52 bilby INFO    : Written checkpoint file runs/GW190512_180714_gr_v1/GW190512_180714_gr_v1_resume.pickle
19:02 bilby INFO    : Written checkpoint file runs/GW190512_180714_gr_v1/GW190512_180714_gr_v1_resume.pickle
19:13 bilby INFO    : Written checkpoint file runs/GW190512_180714_gr_v1/GW190512_180714_gr_v1_resume.pickle
19:23 bilby INFO    : Written checkpoint file runs/GW190512_180714_gr_v1/GW190512_180714_gr_v1_resume.pickle
19:34 bilby INFO    : Written checkpoint file runs/GW190512_180714_gr_v1/GW190512_180714_gr_v1_resume.pickle
19:44 bilby INFO    : Written checkpoint file runs/GW190512_180714_gr_v1/GW190512_180714_gr_v1_resume.pickle
19:55 bilby INFO    : Written checkpoint file runs/GW190512_180714_gr_v1/GW190512_180714_gr_v1_resume.pickle
20:05 bilby INFO    : Written checkpoint file runs/GW190512_180714_gr_v1/GW190512_180714_gr_v1_resume.pickle
20:16 bilby INFO    : Written checkpoint file runs/GW190512_180714_gr_v1/GW190512_180714_gr_v1_resume.pickle
20:26 bilby INFO    : Written checkpoint file runs/GW190512_180714_gr_v1/GW190512_180714_gr_v1_resume.pickle
20:37 bilby INFO    : Written checkpoint file runs/GW190512_180714_gr_v1/GW190512_180714_gr_v1_resume.pickle
20:47 bilby INFO    : Written checkpoint file runs/GW190512_180714_gr_v1/GW190512_180714_gr_v1_resume.pickle
20:58 bilby INFO    : Written checkpoint file runs/GW190512_180714_gr_v1/GW190512_180714_gr_v1_resume.pickle
21:08 bilby INFO    : Written checkpoint file runs/GW190512_180714_gr_v1/GW190512_180714_gr_v1_resume.pickle
21:19 bilby INFO    : Written checkpoint file runs/GW190512_180714_gr_v1/GW190512_180714_gr_v1_resume.pickle
21:29 bilby INFO    : Written checkpoint file runs/GW190512_180714_gr_v1/GW190512_180714_gr_v1_resume.pickle
21:40 bilby INFO    : Written checkpoint file runs/GW190512_180714_gr_v1/GW190512_180714_gr_v1_resume.pickle
21:51 bilby INFO    : Written checkpoint file runs/GW190512_180714_gr_v1/GW190512_180714_gr_v1_resume.pickle
22:01 bilby INFO    : Written checkpoint file runs/GW190512_180714_gr_v1/GW190512_180714_gr_v1_resume.pickle
22:12 bilby INFO    : Written checkpoint file runs/GW190512_180714_gr_v1/GW190512_180714_gr_v1_resume.pickle
22:23 bilby INFO    : Written checkpoint file runs/GW190512_180714_gr_v1/GW190512_180714_gr_v1_resume.pickle
22:33 bilby INFO    : Written checkpoint file runs/GW190512_180714_gr_v1/GW190512_180714_gr_v1_resume.pickle
22:43 bilby INFO    : Written checkpoint file runs/GW190512_180714_gr_v1/GW190512_180714_gr_v1_resume.pickle
22:54 bilby INFO    : Written checkpoint file runs/GW190512_180714_gr_v1/GW190512_180714_gr_v1_resume.pickle
23:05 bilby INFO    : Written checkpoint file runs/GW190512_180714_gr_v1/GW190512_180714_gr_v1_resume.pickle
23:15 bilby INFO    : Written checkpoint file runs/GW190512_180714_gr_v1/GW190512_180714_gr_v1_resume.pickle
23:26 bilby INFO    : Written checkpoint file runs/GW190512_180714_gr_v1/GW190512_180714_gr_v1_resume.pickle
23:37 bilby INFO    : Written checkpoint file runs/GW190512_180714_gr_v1/GW190512_180714_gr_v1_resume.pickle
23:47 bilby INFO    : Written checkpoint file runs/GW190512_180714_gr_v1/GW190512_180714_gr_v1_resume.pickle
23:58 bilby INFO    : Written checkpoint file runs/GW190512_180714_gr_v1/GW190512_180714_gr_v1_resume.pickle
00:08 bilby INFO    : Written checkpoint file runs/GW190512_180714_gr_v1/GW190512_180714_gr_v1_resume.pickle
00:19 bilby INFO    : Written checkpoint file runs/GW190512_180714_gr_v1/GW190512_180714_gr_v1_resume.pickle
00:30 bilby INFO    : Written checkpoint file runs/GW190512_180714_gr_v1/GW190512_180714_gr_v1_resume.pickle
00:40 bilby INFO    : Written checkpoint file runs/GW190512_180714_gr_v1/GW190512_180714_gr_v1_resume.pickle
00:51 bilby INFO    : Written checkpoint file runs/GW190512_180714_gr_v1/GW190512_180714_gr_v1_resume.pickle
01:01 bilby INFO    : Written checkpoint file runs/GW190512_180714_gr_v1/GW190512_180714_gr_v1_resume.pickle
01:12 bilby INFO    : Written checkpoint file runs/GW190512_180714_gr_v1/GW190512_180714_gr_v1_resume.pickle
01:22 bilby INFO    : Written checkpoint file runs/GW190512_180714_gr_v1/GW190512_180714_gr_v1_resume.pickle
01:33 bilby INFO    : Written checkpoint file runs/GW190512_180714_gr_v1/GW190512_180714_gr_v1_resume.pickle
01:44 bilby INFO    : Written checkpoint file runs/GW190512_180714_gr_v1/GW190512_180714_gr_v1_resume.pickle
01:55 bilby INFO    : Written checkpoint file runs/GW190512_180714_gr_v1/GW190512_180714_gr_v1_resume.pickle
02:05 bilby INFO    : Written checkpoint file runs/GW190512_180714_gr_v1/GW190512_180714_gr_v1_resume.pickle
02:16 bilby INFO    : Written checkpoint file runs/GW190512_180714_gr_v1/GW190512_180714_gr_v1_resume.pickle
02:27 bilby INFO    : Written checkpoint file runs/GW190512_180714_gr_v1/GW190512_180714_gr_v1_resume.pickle
02:38 bilby INFO    : Written checkpoint file runs/GW190512_180714_gr_v1/GW190512_180714_gr_v1_resume.pickle
02:48 bilby INFO    : Written checkpoint file runs/GW190512_180714_gr_v1/GW190512_180714_gr_v1_resume.pickle
02:59 bilby INFO    : Written checkpoint file runs/GW190512_180714_gr_v1/GW190512_180714_gr_v1_resume.pickle
03:10 bilby INFO    : Written checkpoint file runs/GW190512_180714_gr_v1/GW190512_180714_gr_v1_resume.pickle
03:21 bilby INFO    : Written checkpoint file runs/GW190512_180714_gr_v1/GW190512_180714_gr_v1_resume.pickle
03:32 bilby INFO    : Written checkpoint file runs/GW190512_180714_gr_v1/GW190512_180714_gr_v1_resume.pickle
03:42 bilby INFO    : Written checkpoint file runs/GW190512_180714_gr_v1/GW190512_180714_gr_v1_resume.pickle
03:53 bilby INFO    : Written checkpoint file runs/GW190512_180714_gr_v1/GW190512_180714_gr_v1_resume.pickle
04:04 bilby INFO    : Written checkpoint file runs/GW190512_180714_gr_v1/GW190512_180714_gr_v1_resume.pickle
04:15 bilby INFO    : Written checkpoint file runs/GW190512_180714_gr_v1/GW190512_180714_gr_v1_resume.pickle
04:25 bilby INFO    : Written checkpoint file runs/GW190512_180714_gr_v1/GW190512_180714_gr_v1_resume.pickle
04:36 bilby INFO    : Written checkpoint file runs/GW190512_180714_gr_v1/GW190512_180714_gr_v1_resume.pickle
04:47 bilby INFO    : Written checkpoint file runs/GW190512_180714_gr_v1/GW190512_180714_gr_v1_resume.pickle
04:58 bilby INFO    : Written checkpoint file runs/GW190512_180714_gr_v1/GW190512_180714_gr_v1_resume.pickle
05:08 bilby INFO    : Written checkpoint file runs/GW190512_180714_gr_v1/GW190512_180714_gr_v1_resume.pickle
05:19 bilby INFO    : Written checkpoint file runs/GW190512_180714_gr_v1/GW190512_180714_gr_v1_resume.pickle
05:30 bilby INFO    : Written checkpoint file runs/GW190512_180714_gr_v1/GW190512_180714_gr_v1_resume.pickle
05:41 bilby INFO    : Written checkpoint file runs/GW190512_180714_gr_v1/GW190512_180714_gr_v1_resume.pickle
05:52 bilby INFO    : Written checkpoint file runs/GW190512_180714_gr_v1/GW190512_180714_gr_v1_resume.pickle
06:03 bilby INFO    : Written checkpoint file runs/GW190512_180714_gr_v1/GW190512_180714_gr_v1_resume.pickle
06:14 bilby INFO    : Written checkpoint file runs/GW190512_180714_gr_v1/GW190512_180714_gr_v1_resume.pickle
06:24 bilby INFO    : Written checkpoint file runs/GW190512_180714_gr_v1/GW190512_180714_gr_v1_resume.pickle
06:35 bilby INFO    : Written checkpoint file runs/GW190512_180714_gr_v1/GW190512_180714_gr_v1_resume.pickle
06:47 bilby INFO    : Written checkpoint file runs/GW190512_180714_gr_v1/GW190512_180714_gr_v1_resume.pickle
06:57 bilby INFO    : Written checkpoint file runs/GW190512_180714_gr_v1/GW190512_180714_gr_v1_resume.pickle
07:09 bilby INFO    : Written checkpoint file runs/GW190512_180714_gr_v1/GW190512_180714_gr_v1_resume.pickle
07:19 bilby INFO    : Written checkpoint file runs/GW190512_180714_gr_v1/GW190512_180714_gr_v1_resume.pickle
07:31 bilby INFO    : Written checkpoint file runs/GW190512_180714_gr_v1/GW190512_180714_gr_v1_resume.pickle
07:41 bilby INFO    : Written checkpoint file runs/GW190512_180714_gr_v1/GW190512_180714_gr_v1_resume.pickle
07:52 bilby INFO    : Written checkpoint file runs/GW190512_180714_gr_v1/GW190512_180714_gr_v1_resume.pickle
08:04 bilby INFO    : Written checkpoint file runs/GW190512_180714_gr_v1/GW190512_180714_gr_v1_resume.pickle
08:15 bilby INFO    : Written checkpoint file runs/GW190512_180714_gr_v1/GW190512_180714_gr_v1_resume.pickle
08:25 bilby INFO    : Written checkpoint file runs/GW190512_180714_gr_v1/GW190512_180714_gr_v1_resume.pickle
08:26 bilby INFO    : Starting to close worker pool.
08:26 bilby INFO    : Finished closing worker pool.
08:26 bilby INFO    : Rejection sampling nested samples to obtain 9422 posterior samples
08:26 bilby INFO    : Sampling time: 18:21:00.622017
08:26 bilby WARNING : Result.save_to_file called with extension=True. This will default to json, and ignore the extension from the filename. This behaviour is deprecated and will be removed. 
08:26 bilby WARNING : Result.save_to_file called with extension=True. This will default to json, and ignore the extension from the filename. This behaviour is deprecated and will be removed. 
08:26 bilby INFO    : Summary of results:
nsamples: 9422
ln_noise_evidence: -53384.702
ln_evidence: -53315.753 +/-  0.141
ln_bayes_factor: 68.949 +/-  0.141

08:26 bilby INFO    : No prior given, using default BBH priors in /resnick/groups/RelativityTheory/alaeuger/miniconda3/envs/BilbyEnv/lib/python3.11/site-packages/bilby/gw/prior_files/precessing_spins_bbh.prior.
08:26 bilby INFO    : Waveform generator instantiated: WaveformGenerator(duration=16.0, sampling_frequency=2048.0, start_time=0, frequency_domain_source_model=__main__.kernel_bbh, time_domain_source_model=None, parameter_conversion=bilby.gw.conversion.convert_to_lal_binary_black_hole_parameters, waveform_arguments={'waveform_approximant': 'IMRPhenomXPHM', 'reference_frequency': 20.0, 'minimum_frequency': 20.0})
08:26 bilby INFO    : Running for label 'GW190512_180714_kernel_v1', output will be saved to 'runs/GW190512_180714_kernel_v1'
08:26 bilby INFO    : Using lal version 7.7.0
08:26 bilby INFO    : Using lal git version Branch: None;Tag: lal-v7.7.0;Id: ef36dfdf49181b9b376a867b55a14463783de545;;Builder: Adam Mercer <adam.mercer@ligo.org>;Repository status: CLEAN: All modifications committed
08:26 bilby INFO    : Using lalsimulation version 6.2.0
08:26 bilby INFO    : Using lalsimulation git version Branch: None;Tag: lalsimulation-v6.2.0;Id: 1338470a6165fb4b4c98bccdd0efe961f05bc8e0;;Builder: Adam Mercer <adam.mercer@ligo.org>;Repository status: CLEAN: All modifications committed
08:26 bilby INFO    : Analysis priors:
08:26 bilby INFO    : mass_ratio=Uniform(minimum=0.2, maximum=1.0, name='mass_ratio', latex_label='$q$', unit=None, boundary=None)
08:26 bilby INFO    : chirp_mass=Uniform(minimum=11, maximum=28, name='chirp_mass', latex_label='$\\mathcal{M}$', unit=None, boundary=None)
08:26 bilby INFO    : luminosity_distance=bilby.gw.prior.UniformSourceFrame(minimum=300.0, maximum=4000.0, cosmology='Planck15', name='luminosity_distance', latex_label='$d_L$', unit='Mpc', boundary=None)
08:26 bilby INFO    : dec=Cosine(minimum=-1.5707963267948966, maximum=1.5707963267948966, name='dec', latex_label='$\\mathrm{DEC}$', unit=None, boundary=None)
08:26 bilby INFO    : ra=Uniform(minimum=0, maximum=6.283185307179586, name='ra', latex_label='$\\mathrm{RA}$', unit=None, boundary='periodic')
08:26 bilby INFO    : theta_jn=Sine(minimum=0, maximum=3.141592653589793, name='theta_jn', latex_label='$\\theta_{JN}$', unit=None, boundary=None)
08:26 bilby INFO    : psi=Uniform(minimum=0, maximum=3.141592653589793, name='psi', latex_label='$\\psi$', unit=None, boundary='periodic')
08:26 bilby INFO    : phase=Uniform(minimum=0, maximum=6.283185307179586, name='phase', latex_label='$\\phi$', unit=None, boundary='periodic')
08:26 bilby INFO    : a_1=Uniform(minimum=0, maximum=0.8, name='a_1', latex_label='$a_1$', unit=None, boundary=None)
08:26 bilby INFO    : a_2=Uniform(minimum=0, maximum=0.8, name='a_2', latex_label='$a_2$', unit=None, boundary=None)
08:26 bilby INFO    : tilt_1=Sine(minimum=0, maximum=3.141592653589793, name='tilt_1', latex_label='$\\theta_1$', unit=None, boundary=None)
08:26 bilby INFO    : tilt_2=Sine(minimum=0, maximum=3.141592653589793, name='tilt_2', latex_label='$\\theta_2$', unit=None, boundary=None)
08:26 bilby INFO    : phi_12=Uniform(minimum=0, maximum=6.283185307179586, name='phi_12', latex_label='$\\Delta\\phi$', unit=None, boundary='periodic')
08:26 bilby INFO    : phi_jl=Uniform(minimum=0, maximum=6.283185307179586, name='phi_jl', latex_label='$\\phi_{JL}$', unit=None, boundary='periodic')
08:26 bilby INFO    : geocent_time=Uniform(minimum=1241719652.3000002, maximum=1241719652.5, name='geocent_time', latex_label='$t_c$', unit=None, boundary=None)
08:26 bilby INFO    : eps=LogUniform(minimum=1e-25, maximum=1e-19, name='eps', latex_label='eps', unit=None, boundary=None)
08:26 bilby INFO    : f0_res=Uniform(minimum=20, maximum=200, name='f0_res', latex_label='f0_res', unit=None, boundary=None)
08:26 bilby INFO    : gamma_res=LogUniform(minimum=1, maximum=50, name='gamma_res', latex_label='gamma_res', unit=None, boundary=None)
08:26 bilby INFO    : mass_1=Constraint(minimum=5, maximum=60, name=None, latex_label=None, unit=None)
08:26 bilby INFO    : mass_2=Constraint(minimum=5, maximum=60, name=None, latex_label=None, unit=None)
08:26 bilby INFO    : Analysis likelihood class: <class 'bilby.gw.likelihood.base.GravitationalWaveTransient'>
08:26 bilby INFO    : Analysis likelihood noise evidence: -53384.70220905602
08:26 bilby INFO    : Single likelihood evaluation took 2.449e-02 s
08:26 bilby INFO    : Using sampler Dynesty with kwargs {'nlive': 1500, 'bound': 'multi', 'sample': 'rwalk', 'periodic': None, 'reflective': None, 'update_interval': 600, 'first_update': None, 'rstate': None, 'queue_size': 16, 'pool': None, 'use_pool': None, 'live_points': None, 'logl_args': None, 'logl_kwargs': None, 'ptform_args': None, 'ptform_kwargs': None, 'enlarge': None, 'bootstrap': None, 'walks': 50, 'facc': 0.2, 'slices': None, 'ncdim': None, 'blob': False, 'save_evaluation_history': False, 'history_filename': None, 'maxiter': None, 'maxcall': None, 'dlogz': 0.1, 'logl_max': inf, 'add_live': True, 'print_progress': True, 'print_func': <bound method Dynesty._print_func of <bilby.core.sampler.dynesty.Dynesty object at 0x7f6e2763d150>>, 'save_bounds': False, 'checkpoint_file': None, 'checkpoint_every': 60, 'resume': False, 'seed': None}
08:26 bilby INFO    : Global meta data was removed from the result object for compatibility. Use the `BILBY_INCLUDE_GLOBAL_METADATA` environment variable to include it. This behaviour will be removed in a future release. For more details see: https://bilby-dev.github.io/bilby/faq.html#global-meta-data
08:26 bilby INFO    : Checkpoint every check_point_delta_t = 600s
08:26 bilby INFO    : Using dynesty version 3.0.0
08:26 bilby INFO    : Setting up multiproccesing pool with 16 processes
08:26 bilby INFO    : Resume file runs/GW190512_180714_kernel_v1/GW190512_180714_kernel_v1_resume.pickle does not exist.
08:26 bilby INFO    : Generating initial points from the prior
08:26 bilby INFO    : Using the bilby-implemented ensemble rwalk sampling method with ACT estimated chain length. An average of 4 steps will be accepted up to chain length 5000.
08:37 bilby INFO    : Written checkpoint file runs/GW190512_180714_kernel_v1/GW190512_180714_kernel_v1_resume.pickle
08:47 bilby INFO    : Written checkpoint file runs/GW190512_180714_kernel_v1/GW190512_180714_kernel_v1_resume.pickle
08:57 bilby INFO    : Written checkpoint file runs/GW190512_180714_kernel_v1/GW190512_180714_kernel_v1_resume.pickle
09:07 bilby INFO    : Written checkpoint file runs/GW190512_180714_kernel_v1/GW190512_180714_kernel_v1_resume.pickle
09:17 bilby INFO    : Written checkpoint file runs/GW190512_180714_kernel_v1/GW190512_180714_kernel_v1_resume.pickle
09:27 bilby INFO    : Written checkpoint file runs/GW190512_180714_kernel_v1/GW190512_180714_kernel_v1_resume.pickle
09:37 bilby INFO    : Written checkpoint file runs/GW190512_180714_kernel_v1/GW190512_180714_kernel_v1_resume.pickle
09:48 bilby INFO    : Written checkpoint file runs/GW190512_180714_kernel_v1/GW190512_180714_kernel_v1_resume.pickle
09:58 bilby INFO    : Written checkpoint file runs/GW190512_180714_kernel_v1/GW190512_180714_kernel_v1_resume.pickle
10:08 bilby INFO    : Written checkpoint file runs/GW190512_180714_kernel_v1/GW190512_180714_kernel_v1_resume.pickle
10:18 bilby INFO    : Written checkpoint file runs/GW190512_180714_kernel_v1/GW190512_180714_kernel_v1_resume.pickle
10:29 bilby INFO    : Written checkpoint file runs/GW190512_180714_kernel_v1/GW190512_180714_kernel_v1_resume.pickle
10:39 bilby INFO    : Written checkpoint file runs/GW190512_180714_kernel_v1/GW190512_180714_kernel_v1_resume.pickle
10:49 bilby INFO    : Written checkpoint file runs/GW190512_180714_kernel_v1/GW190512_180714_kernel_v1_resume.pickle
11:00 bilby INFO    : Written checkpoint file runs/GW190512_180714_kernel_v1/GW190512_180714_kernel_v1_resume.pickle
11:10 bilby INFO    : Written checkpoint file runs/GW190512_180714_kernel_v1/GW190512_180714_kernel_v1_resume.pickle
11:20 bilby INFO    : Written checkpoint file runs/GW190512_180714_kernel_v1/GW190512_180714_kernel_v1_resume.pickle
11:31 bilby INFO    : Written checkpoint file runs/GW190512_180714_kernel_v1/GW190512_180714_kernel_v1_resume.pickle
11:41 bilby INFO    : Written checkpoint file runs/GW190512_180714_kernel_v1/GW190512_180714_kernel_v1_resume.pickle
11:51 bilby INFO    : Written checkpoint file runs/GW190512_180714_kernel_v1/GW190512_180714_kernel_v1_resume.pickle
12:01 bilby INFO    : Written checkpoint file runs/GW190512_180714_kernel_v1/GW190512_180714_kernel_v1_resume.pickle
12:12 bilby INFO    : Written checkpoint file runs/GW190512_180714_kernel_v1/GW190512_180714_kernel_v1_resume.pickle
12:22 bilby INFO    : Written checkpoint file runs/GW190512_180714_kernel_v1/GW190512_180714_kernel_v1_resume.pickle
12:33 bilby INFO    : Written checkpoint file runs/GW190512_180714_kernel_v1/GW190512_180714_kernel_v1_resume.pickle
12:43 bilby INFO    : Written checkpoint file runs/GW190512_180714_kernel_v1/GW190512_180714_kernel_v1_resume.pickle
12:53 bilby INFO    : Written checkpoint file runs/GW190512_180714_kernel_v1/GW190512_180714_kernel_v1_resume.pickle
13:04 bilby INFO    : Written checkpoint file runs/GW190512_180714_kernel_v1/GW190512_180714_kernel_v1_resume.pickle
13:14 bilby INFO    : Written checkpoint file runs/GW190512_180714_kernel_v1/GW190512_180714_kernel_v1_resume.pickle
13:24 bilby INFO    : Written checkpoint file runs/GW190512_180714_kernel_v1/GW190512_180714_kernel_v1_resume.pickle
13:35 bilby INFO    : Written checkpoint file runs/GW190512_180714_kernel_v1/GW190512_180714_kernel_v1_resume.pickle
13:45 bilby INFO    : Written checkpoint file runs/GW190512_180714_kernel_v1/GW190512_180714_kernel_v1_resume.pickle
13:55 bilby INFO    : Written checkpoint file runs/GW190512_180714_kernel_v1/GW190512_180714_kernel_v1_resume.pickle
14:06 bilby INFO    : Written checkpoint file runs/GW190512_180714_kernel_v1/GW190512_180714_kernel_v1_resume.pickle
14:16 bilby INFO    : Written checkpoint file runs/GW190512_180714_kernel_v1/GW190512_180714_kernel_v1_resume.pickle
14:27 bilby INFO    : Written checkpoint file runs/GW190512_180714_kernel_v1/GW190512_180714_kernel_v1_resume.pickle
14:37 bilby INFO    : Written checkpoint file runs/GW190512_180714_kernel_v1/GW190512_180714_kernel_v1_resume.pickle
14:48 bilby INFO    : Written checkpoint file runs/GW190512_180714_kernel_v1/GW190512_180714_kernel_v1_resume.pickle
14:58 bilby INFO    : Written checkpoint file runs/GW190512_180714_kernel_v1/GW190512_180714_kernel_v1_resume.pickle
15:09 bilby INFO    : Written checkpoint file runs/GW190512_180714_kernel_v1/GW190512_180714_kernel_v1_resume.pickle
15:19 bilby INFO    : Written checkpoint file runs/GW190512_180714_kernel_v1/GW190512_180714_kernel_v1_resume.pickle
15:30 bilby INFO    : Written checkpoint file runs/GW190512_180714_kernel_v1/GW190512_180714_kernel_v1_resume.pickle
15:40 bilby INFO    : Written checkpoint file runs/GW190512_180714_kernel_v1/GW190512_180714_kernel_v1_resume.pickle
